<?xml version="1.0" encoding="UTF-8"?>
<!-- Generated by org.testng.reporters.JUnitReportReporter -->
<testsuite hostname="LenovoThinkpad" failures="0" tests="1" name="Inernship_Project_1.Internship_Project_1_1" time="1.565" errors="0" timestamp="2024-01-18T16:06:50 IST" skipped="0">
  <testcase classname="Inernship_Project_1.Internship_Project_1_1" name="shop" time="1.565"/>
  <system-out/>
</testsuite> <!-- Inernship_Project_1.Internship_Project_1_1 -->
