<?xml version="1.0" encoding="UTF-8"?>
<!-- Generated by org.testng.reporters.JUnitReportReporter -->
<testsuite hostname="LenovoThinkpad" failures="0" tests="1" name="Datadriven_Assignment_9.Assignment9_Datadriven" time="13.118" errors="0" timestamp="2023-12-13T16:04:55 IST" skipped="0">
  <testcase classname="Datadriven_Assignment_9.Assignment9_Datadriven" name="datadriven" time="13.118"/>
  <system-out/>
</testsuite> <!-- Datadriven_Assignment_9.Assignment9_Datadriven -->
