<?xml version="1.0" encoding="UTF-8"?>
<!-- Generated by org.testng.reporters.JUnitReportReporter -->
<testsuite hostname="LenovoThinkpad" failures="0" tests="3" name="Datadriven_Assignment_9.Assignment_9_1" time="16.205" errors="0" timestamp="2023-12-18T12:59:09 IST" skipped="0">
  <testcase classname="Datadriven_Assignment_9.Assignment_9_1" name="form_test" time="5.130"/>
  <system-out/>
  <testcase classname="Datadriven_Assignment_9.Assignment_9_1" name="pform_test" time="2.122"/>
  <system-out/>
  <testcase classname="Datadriven_Assignment_9.Assignment_9_1" name="fillform" time="8.953"/>
  <system-out/>
</testsuite> <!-- Datadriven_Assignment_9.Assignment_9_1 -->
