<?xml version="1.0" encoding="UTF-8"?>
<!-- Generated by org.testng.reporters.JUnitReportReporter -->
<testsuite hostname="LenovoThinkpad" failures="0" tests="2" name="Inernship_Project_1.Inernship_Project_1_POM" time="13.020" errors="0" timestamp="2024-01-24T22:16:45 IST" skipped="0">
  <testcase classname="Inernship_Project_1.Inernship_Project_1_POM" name="login" time="10.588"/>
  <system-out/>
  <testcase classname="Inernship_Project_1.Inernship_Project_1_POM" name="shop" time="2.432"/>
  <system-out/>
</testsuite> <!-- Inernship_Project_1.Inernship_Project_1_POM -->
